This file contains any messages produced by compilers while
running configure, to aid debugging if configure makes a mistake.

It was created by Coquelicot configure 3.0.2, which was
generated by GNU Autoconf 2.69.  Invocation command line was

  $ ./configure 

## --------- ##
## Platform. ##
## --------- ##

hostname = yousef-office
uname -m = x86_64
uname -r = 5.0.0-32-generic
uname -s = Linux
uname -v = #34-Ubuntu SMP Wed Oct 2 02:06:48 UTC 2019

/usr/bin/uname -p = x86_64
/bin/uname -X     = unknown

/bin/arch              = x86_64
/usr/bin/arch -k       = unknown
/usr/convex/getsysinfo = unknown
/usr/bin/hostinfo      = unknown
/bin/machine           = unknown
/usr/bin/oslevel       = unknown
/bin/universe          = unknown

PATH: /home/yousef/git-cinnabar
PATH: /home/yousef/.cargo/bin
PATH: /home/yousef/.opam/4.07.1/bin
PATH: /home/yousef/.local/bin
PATH: /usr/local/sbin
PATH: /usr/local/bin
PATH: /usr/sbin
PATH: /usr/bin
PATH: /sbin
PATH: /bin
PATH: /usr/games
PATH: /usr/local/games
PATH: /snap/bin


## ----------- ##
## Core tests. ##
## ----------- ##

configure:1821: checking for g++
configure:1837: found /usr/bin/g++
configure:1848: result: g++
configure:1875: checking for C++ compiler version
configure:1884: g++ --version >&5
g++ (Ubuntu 8.3.0-6ubuntu1) 8.3.0
Copyright (C) 2018 Free Software Foundation, Inc.
This is free software; see the source for copying conditions.  There is NO
warranty; not even for MERCHANTABILITY or FITNESS FOR A PARTICULAR PURPOSE.

configure:1895: $? = 0
configure:1884: g++ -v >&5
Using built-in specs.
COLLECT_GCC=g++
COLLECT_LTO_WRAPPER=/usr/lib/gcc/x86_64-linux-gnu/8/lto-wrapper
OFFLOAD_TARGET_NAMES=nvptx-none
OFFLOAD_TARGET_DEFAULT=1
Target: x86_64-linux-gnu
Configured with: ../src/configure -v --with-pkgversion='Ubuntu 8.3.0-6ubuntu1' --with-bugurl=file:///usr/share/doc/gcc-8/README.Bugs --enable-languages=c,ada,c++,go,brig,d,fortran,objc,obj-c++ --prefix=/usr --with-gcc-major-version-only --program-suffix=-8 --program-prefix=x86_64-linux-gnu- --enable-shared --enable-linker-build-id --libexecdir=/usr/lib --without-included-gettext --enable-threads=posix --libdir=/usr/lib --enable-nls --enable-bootstrap --enable-clocale=gnu --enable-libstdcxx-debug --enable-libstdcxx-time=yes --with-default-libstdcxx-abi=new --enable-gnu-unique-object --disable-vtable-verify --enable-libmpx --enable-plugin --enable-default-pie --with-system-zlib --with-target-system-zlib --enable-objc-gc=auto --enable-multiarch --disable-werror --with-arch-32=i686 --with-abi=m64 --with-multilib-list=m32,m64,mx32 --enable-multilib --with-tune=generic --enable-offload-targets=nvptx-none --without-cuda-driver --enable-checking=release --build=x86_64-linux-gnu --host=x86_64-linux-gnu --target=x86_64-linux-gnu
Thread model: posix
gcc version 8.3.0 (Ubuntu 8.3.0-6ubuntu1) 
configure:1895: $? = 0
configure:1884: g++ -V >&5
g++: error: unrecognized command line option '-V'
g++: fatal error: no input files
compilation terminated.
configure:1895: $? = 1
configure:1884: g++ -qversion >&5
g++: error: unrecognized command line option '-qversion'; did you mean '--version'?
g++: fatal error: no input files
compilation terminated.
configure:1895: $? = 1
configure:1915: checking whether the C++ compiler works
configure:1937: g++    conftest.cpp  >&5
configure:1941: $? = 0
configure:1989: result: yes
configure:1992: checking for C++ compiler default output file name
configure:1994: result: a.out
configure:2000: checking for suffix of executables
configure:2007: g++ -o conftest    conftest.cpp  >&5
configure:2011: $? = 0
configure:2033: result: 
configure:2055: checking whether we are cross compiling
configure:2063: g++ -o conftest    conftest.cpp  >&5
configure:2067: $? = 0
configure:2074: ./conftest
configure:2078: $? = 0
configure:2066: result: no
configure:2071: checking for suffix of object files
configure:2093: g++ -c   conftest.cpp >&5
configure:2097: $? = 0
configure:2118: result: o
configure:2122: checking whether we are using the GNU C++ compiler
configure:2141: g++ -c   conftest.cpp >&5
configure:2141: $? = 0
configure:2150: result: yes
configure:2159: checking whether g++ accepts -g
configure:2179: g++ -c -g  conftest.cpp >&5
configure:2179: $? = 0
configure:2220: result: yes
configure:2248: checking for coqc
configure:2251: result: /home/yousef/.opam/4.07.1/bin/coqc
configure:2255: checking for coqdep
configure:2258: result: /home/yousef/.opam/4.07.1/bin/coqdep
configure:2262: checking for coqdoc
configure:2265: result: /home/yousef/.opam/4.07.1/bin/coqdoc
configure:2268: checking for SSReflect
configure:2272: result: yes
configure:2285: building remake...
configure:2452: creating ./config.status

## ---------------------- ##
## Running config.status. ##
## ---------------------- ##

This file was extended by Coquelicot config.status 3.0.2, which was
generated by GNU Autoconf 2.69.  Invocation command line was

  CONFIG_FILES    = 
  CONFIG_HEADERS  = 
  CONFIG_LINKS    = 
  CONFIG_COMMANDS = 
  $ ./config.status 

on yousef-office

config.status:721: creating Remakefile

## ---------------- ##
## Cache variables. ##
## ---------------- ##

ac_cv_cxx_compiler_gnu=yes
ac_cv_env_CCC_set=
ac_cv_env_CCC_value=
ac_cv_env_COQBIN_set=
ac_cv_env_COQBIN_value=
ac_cv_env_COQC_set=
ac_cv_env_COQC_value=
ac_cv_env_COQDEP_set=
ac_cv_env_COQDEP_value=
ac_cv_env_COQDOC_set=
ac_cv_env_COQDOC_value=
ac_cv_env_CPPFLAGS_set=
ac_cv_env_CPPFLAGS_value=
ac_cv_env_CXXFLAGS_set=
ac_cv_env_CXXFLAGS_value=
ac_cv_env_CXX_set=
ac_cv_env_CXX_value=
ac_cv_env_LDFLAGS_set=
ac_cv_env_LDFLAGS_value=
ac_cv_env_LIBS_set=
ac_cv_env_LIBS_value=
ac_cv_env_build_alias_set=
ac_cv_env_build_alias_value=
ac_cv_env_host_alias_set=
ac_cv_env_host_alias_value=
ac_cv_env_target_alias_set=
ac_cv_env_target_alias_value=
ac_cv_objext=o
ac_cv_prog_ac_ct_CXX=g++
ac_cv_prog_cxx_g=yes

## ----------------- ##
## Output variables. ##
## ----------------- ##

COQBIN=''
COQC='/home/yousef/.opam/4.07.1/bin/coqc'
COQDEP='/home/yousef/.opam/4.07.1/bin/coqdep'
COQDOC='/home/yousef/.opam/4.07.1/bin/coqdoc'
CPPFLAGS=''
CXX='g++'
CXXFLAGS='-g -O2'
DEFS='-DPACKAGE_NAME=\"Coquelicot\" -DPACKAGE_TARNAME=\"coquelicot\" -DPACKAGE_VERSION=\"3.0.2\" -DPACKAGE_STRING=\"Coquelicot\ 3.0.2\" -DPACKAGE_BUGREPORT=\"Guillaume\ Melquiond\ \<guillaume.melquiond@inria.fr\>\" -DPACKAGE_URL=\"\"'
ECHO_C=''
ECHO_N='-n'
ECHO_T=''
EXEEXT=''
LDFLAGS=''
LIBOBJS=''
LIBS=''
LTLIBOBJS=''
OBJEXT='o'
PACKAGE_BUGREPORT='Guillaume Melquiond <guillaume.melquiond@inria.fr>'
PACKAGE_NAME='Coquelicot'
PACKAGE_STRING='Coquelicot 3.0.2'
PACKAGE_TARNAME='coquelicot'
PACKAGE_URL=''
PACKAGE_VERSION='3.0.2'
PATH_SEPARATOR=':'
REMAKE='./remake'
SHELL='/bin/bash'
ac_ct_CXX='g++'
bindir='${exec_prefix}/bin'
build_alias=''
datadir='${datarootdir}'
datarootdir='${prefix}/share'
docdir='${datarootdir}/doc/${PACKAGE_TARNAME}'
dvidir='${docdir}'
exec_prefix='${prefix}'
host_alias=''
htmldir='${docdir}'
includedir='${prefix}/include'
infodir='${datarootdir}/info'
libdir='/home/yousef/.opam/4.07.1/lib/coq/user-contrib/Coquelicot'
libexecdir='${exec_prefix}/libexec'
localedir='${datarootdir}/locale'
localstatedir='${prefix}/var'
mandir='${datarootdir}/man'
oldincludedir='/usr/include'
pdfdir='${docdir}'
prefix='/usr/local'
program_transform_name='s,x,x,'
psdir='${docdir}'
runstatedir='${localstatedir}/run'
sbindir='${exec_prefix}/sbin'
sharedstatedir='${prefix}/com'
sysconfdir='${prefix}/etc'
target_alias=''

## ----------- ##
## confdefs.h. ##
## ----------- ##

/* confdefs.h */
#define PACKAGE_NAME "Coquelicot"
#define PACKAGE_TARNAME "coquelicot"
#define PACKAGE_VERSION "3.0.2"
#define PACKAGE_STRING "Coquelicot 3.0.2"
#define PACKAGE_BUGREPORT "Guillaume Melquiond <guillaume.melquiond@inria.fr>"
#define PACKAGE_URL ""

configure: exit 0
